2025-09-02 20:32:20 - HV000001: Hibernate Validator 8.0.2.Final
2025-09-02 20:32:21 - Starting FullstackbackendApplication using Java 21.0.8 with PID 23616 (C:\Users\josip\Documents\SpringBootProjects\TestFolderForProjectClone\fullstackbackend\target\classes started by josip in C:\Users\josip\Documents\SpringBootProjects\TestFolderForProjectClone\fullstackbackend)
2025-09-02 20:32:21 - Running with Spring Boot v3.2.2, Spring v6.1.3
2025-09-02 20:32:21 - No active profile set, falling back to 1 default profile: "default"
2025-09-02 20:32:25 - Finished Spring Batch infrastructure beans configuration in 13 ms.
2025-09-02 20:32:25 - Bean jobRepository already defined in the application context, skipping the registration of a jobRepository
2025-09-02 20:32:25 - Bean jobExplorer already defined in the application context, skipping the registration of a jobExplorer
2025-09-02 20:32:25 - Bean jobLauncher already defined in the application context, skipping the registration of a jobLauncher
2025-09-02 20:32:25 - Bean jobRegistry already defined in the application context, skipping the registration of a jobRegistry
2025-09-02 20:32:25 - Bean jobRegistrySmartInitializingSingleton already defined in the application context, skipping the registration of a jobRegistrySmartInitializingSingleton
2025-09-02 20:32:25 - Bean jobOperator already defined in the application context, skipping the registration of a jobOperator
2025-09-02 20:32:25 - Finished Spring Batch infrastructure beans configuration in 2 ms.
2025-09-02 20:32:29 - Bootstrapping Spring Data JPA repositories in DEFAULT mode.
2025-09-02 20:32:29 - Finished Spring Data repository scanning in 458 ms. Found 12 JPA repository interfaces.
2025-09-02 20:32:37 - Tomcat initialized with port 8080 (http)
2025-09-02 20:32:37 - Initializing ProtocolHandler ["http-nio-8080"]
2025-09-02 20:32:37 - Starting service [Tomcat]
2025-09-02 20:32:37 - Starting Servlet engine: [Apache Tomcat/10.1.18]
2025-09-02 20:32:37 - Initializing Spring embedded WebApplicationContext
2025-09-02 20:32:37 - Root WebApplicationContext: initialization completed in 16312 ms
2025-09-02 20:32:38 - HHH000204: Processing PersistenceUnitInfo [name: default]
2025-09-02 20:32:38 - HHH000412: Hibernate ORM core version 6.4.1.Final
2025-09-02 20:32:38 - HHH000026: Second-level cache disabled
2025-09-02 20:32:39 - No LoadTimeWeaver setup: ignoring JPA class transformer
2025-09-02 20:32:39 - HikariPool-1 - Starting...
2025-09-02 20:32:40 - HikariPool-1 - Added connection com.mysql.cj.jdbc.ConnectionImpl@1c66cd02
2025-09-02 20:32:40 - HikariPool-1 - Start completed.
2025-09-02 20:32:40 - HHH90000025: MySQL8Dialect does not need to be specified explicitly using 'hibernate.dialect' (remove the property setting and it will be selected by default)
2025-09-02 20:32:40 - HHH90000026: MySQL8Dialect has been deprecated; use org.hibernate.dialect.MySQLDialect instead
2025-09-02 20:32:43 - HHH000489: No JTA platform available (set 'hibernate.transaction.jta.platform' to enable JTA platform integration)
2025-09-02 20:32:43 - Initialized JPA EntityManagerFactory for persistence unit 'default'
2025-09-02 20:32:43 - No database type set, using meta data indicating: MYSQL
2025-09-02 20:32:45 - No TaskExecutor has been set, defaulting to synchronous executor.
2025-09-02 20:32:45 - Hibernate is in classpath; If applicable, HQL parser will be used.
2025-09-02 20:32:46 - spring.jpa.open-in-view is enabled by default. Therefore, database queries may be performed during view rendering. Explicitly configure spring.jpa.open-in-view to disable this warning
2025-09-02 20:32:48 - Exposing 1 endpoint(s) beneath base path '/actuator'
2025-09-02 20:32:48 - Will secure any request with [org.springframework.security.web.session.DisableEncodeUrlFilter@e43189c, org.springframework.security.web.context.request.async.WebAsyncManagerIntegrationFilter@2fce55d6, org.springframework.security.web.context.SecurityContextHolderFilter@5596f2bb, org.springframework.security.web.header.HeaderWriterFilter@6a7b523b, org.springframework.web.filter.CorsFilter@6cf047cf, org.springframework.security.web.authentication.logout.LogoutFilter@2447d039, org.springframework.security.web.authentication.UsernamePasswordAuthenticationFilter@7cf517f6, org.springframework.security.web.savedrequest.RequestCacheAwareFilter@53534c15, org.springframework.security.web.servletapi.SecurityContextHolderAwareRequestFilter@4fcbb165, org.springframework.security.web.authentication.rememberme.RememberMeAuthenticationFilter@7aab70e2, org.springframework.security.web.authentication.AnonymousAuthenticationFilter@46f970b6, org.springframework.security.web.access.ExceptionTranslationFilter@55de1b68, org.springframework.security.web.access.intercept.AuthorizationFilter@418422c3]
2025-09-02 20:32:49 - Starting ProtocolHandler ["http-nio-8080"]
2025-09-02 20:32:49 - Tomcat started on port 8080 (http) with context path ''
2025-09-02 20:32:49 - Started FullstackbackendApplication in 29.718 seconds (process running for 31.962)
2025-09-02 20:33:15 - Initializing Spring DispatcherServlet 'dispatcherServlet'
2025-09-02 20:33:15 - Initializing Servlet 'dispatcherServlet'
2025-09-02 20:33:15 - Completed initialization in 0 ms
2025-09-02 20:33:15 - Securing OPTIONS /loginuser
2025-09-02 20:33:15 - Securing POST /loginuser
2025-09-02 20:33:15 - Secured POST /loginuser
2025-09-02 20:33:16 - Set SecurityContextHolder to anonymous SecurityContext
2025-09-02 20:33:16 - Securing GET /users?page=0&size=10
2025-09-02 20:33:16 - Secured GET /users?page=0&size=10
2025-09-02 20:33:16 - Set SecurityContextHolder to anonymous SecurityContext
2025-09-02 20:33:16 - Securing GET /users?page=0&size=10
2025-09-02 20:33:16 - Secured GET /users?page=0&size=10
2025-09-02 20:33:16 - Set SecurityContextHolder to anonymous SecurityContext
2025-09-02 20:33:28 - Securing GET /users?page=5&size=10
2025-09-02 20:33:28 - Secured GET /users?page=5&size=10
2025-09-02 20:33:28 - Set SecurityContextHolder to anonymous SecurityContext
2025-09-02 20:33:33 - Securing GET /user/3058
2025-09-02 20:33:33 - Secured GET /user/3058
2025-09-02 20:33:33 - Set SecurityContextHolder to anonymous SecurityContext
2025-09-02 20:33:33 - Securing GET /user/3058
2025-09-02 20:33:33 - Secured GET /user/3058
2025-09-02 20:33:33 - Set SecurityContextHolder to anonymous SecurityContext
2025-09-02 20:33:35 - Securing GET /users?page=0&size=10
2025-09-02 20:33:35 - Secured GET /users?page=0&size=10
2025-09-02 20:33:35 - Set SecurityContextHolder to anonymous SecurityContext
2025-09-02 20:33:35 - Securing GET /users?page=0&size=10
2025-09-02 20:33:35 - Secured GET /users?page=0&size=10
2025-09-02 20:33:35 - Set SecurityContextHolder to anonymous SecurityContext
2025-09-02 20:33:36 - Securing GET /user/1453
2025-09-02 20:33:36 - Secured GET /user/1453
2025-09-02 20:33:36 - Set SecurityContextHolder to anonymous SecurityContext
2025-09-02 20:33:36 - Securing GET /user/1453
2025-09-02 20:33:36 - Secured GET /user/1453
2025-09-02 20:33:36 - Set SecurityContextHolder to anonymous SecurityContext
2025-09-02 20:33:38 - Securing GET /users?page=0&size=10
2025-09-02 20:33:38 - Secured GET /users?page=0&size=10
2025-09-02 20:33:38 - Set SecurityContextHolder to anonymous SecurityContext
2025-09-02 20:33:38 - Securing GET /users?page=0&size=10
2025-09-02 20:33:38 - Secured GET /users?page=0&size=10
2025-09-02 20:33:38 - Set SecurityContextHolder to anonymous SecurityContext
2025-09-02 20:33:40 - Securing GET /users?page=3&size=10
2025-09-02 20:33:40 - Secured GET /users?page=3&size=10
2025-09-02 20:33:40 - Set SecurityContextHolder to anonymous SecurityContext
2025-09-02 20:33:41 - Securing GET /user/2553
2025-09-02 20:33:41 - Secured GET /user/2553
2025-09-02 20:33:41 - Set SecurityContextHolder to anonymous SecurityContext
2025-09-02 20:33:41 - Securing GET /user/2553
2025-09-02 20:33:41 - Secured GET /user/2553
2025-09-02 20:33:41 - Set SecurityContextHolder to anonymous SecurityContext
2025-09-02 20:33:43 - Securing GET /userdetails/2553
2025-09-02 20:33:43 - Secured GET /userdetails/2553
2025-09-02 20:33:43 - Securing GET /userdetails/2553
2025-09-02 20:33:43 - Secured GET /userdetails/2553
2025-09-02 20:33:43 - Set SecurityContextHolder to anonymous SecurityContext
2025-09-02 20:33:43 - Set SecurityContextHolder to anonymous SecurityContext
2025-09-02 20:33:45 - Securing GET /user/2553
2025-09-02 20:33:45 - Secured GET /user/2553
2025-09-02 20:33:45 - Set SecurityContextHolder to anonymous SecurityContext
2025-09-02 20:33:45 - Securing GET /user/2553
2025-09-02 20:33:45 - Secured GET /user/2553
2025-09-02 20:33:45 - Set SecurityContextHolder to anonymous SecurityContext
2025-09-02 20:33:46 - Securing GET /users?page=0&size=10
2025-09-02 20:33:46 - Secured GET /users?page=0&size=10
2025-09-02 20:33:46 - Set SecurityContextHolder to anonymous SecurityContext
2025-09-02 20:33:46 - Securing GET /users?page=0&size=10
2025-09-02 20:33:46 - Secured GET /users?page=0&size=10
2025-09-02 20:33:46 - Set SecurityContextHolder to anonymous SecurityContext
2025-09-02 20:33:48 - Securing GET /users?page=5&size=10
2025-09-02 20:33:48 - Secured GET /users?page=5&size=10
2025-09-02 20:33:48 - Set SecurityContextHolder to anonymous SecurityContext
2025-09-02 20:40:13 - Securing GET /users?page=0&size=10
2025-09-02 20:40:13 - Secured GET /users?page=0&size=10
2025-09-02 20:40:13 - Set SecurityContextHolder to anonymous SecurityContext
2025-09-02 20:40:13 - Securing GET /users?page=0&size=10
2025-09-02 20:40:13 - Secured GET /users?page=0&size=10
2025-09-02 20:40:13 - Set SecurityContextHolder to anonymous SecurityContext
2025-09-02 20:40:17 - Securing GET /viewboats
2025-09-02 20:40:17 - Secured GET /viewboats
2025-09-02 20:40:17 - Set SecurityContextHolder to anonymous SecurityContext
2025-09-02 20:40:17 - Securing GET /viewboats
2025-09-02 20:40:17 - Secured GET /viewboats
2025-09-02 20:40:17 - Set SecurityContextHolder to anonymous SecurityContext
2025-09-02 20:40:21 - Securing GET /users?page=0&size=10
2025-09-02 20:40:21 - Secured GET /users?page=0&size=10
2025-09-02 20:40:21 - Set SecurityContextHolder to anonymous SecurityContext
2025-09-02 20:40:21 - Securing GET /users?page=0&size=10
2025-09-02 20:40:21 - Secured GET /users?page=0&size=10
2025-09-02 20:40:21 - Set SecurityContextHolder to anonymous SecurityContext
2025-09-02 20:40:25 - Securing GET /users?page=0&size=10
2025-09-02 20:40:25 - Secured GET /users?page=0&size=10
2025-09-02 20:40:25 - Set SecurityContextHolder to anonymous SecurityContext
2025-09-02 20:40:25 - Securing GET /users?page=0&size=10
2025-09-02 20:40:25 - Secured GET /users?page=0&size=10
2025-09-02 20:40:25 - Set SecurityContextHolder to anonymous SecurityContext
2025-09-02 20:40:28 - Securing GET /users
2025-09-02 20:40:28 - Secured GET /users
2025-09-02 20:40:28 - Set SecurityContextHolder to anonymous SecurityContext
2025-09-02 20:40:28 - Securing GET /users
2025-09-02 20:40:28 - Secured GET /users
2025-09-02 20:40:28 - Securing GET /users?page=1&size=10
2025-09-02 20:40:28 - Secured GET /users?page=1&size=10
2025-09-02 20:40:28 - Set SecurityContextHolder to anonymous SecurityContext
2025-09-02 20:40:28 - Set SecurityContextHolder to anonymous SecurityContext
2025-09-02 20:40:28 - Securing GET /users
2025-09-02 20:40:28 - Secured GET /users
2025-09-02 20:40:28 - Securing GET /users?page=2&size=10
2025-09-02 20:40:28 - Securing GET /users?page=1&size=10
2025-09-02 20:40:28 - Secured GET /users?page=2&size=10
2025-09-02 20:40:28 - Secured GET /users?page=1&size=10
2025-09-02 20:40:28 - Set SecurityContextHolder to anonymous SecurityContext
2025-09-02 20:40:28 - Set SecurityContextHolder to anonymous SecurityContext
2025-09-02 20:40:28 - Set SecurityContextHolder to anonymous SecurityContext
2025-09-02 20:40:28 - Securing GET /users
2025-09-02 20:40:28 - Securing GET /users?page=2&size=10
2025-09-02 20:40:28 - Secured GET /users
2025-09-02 20:40:28 - Secured GET /users?page=2&size=10
2025-09-02 20:40:28 - Securing GET /users?page=1&size=10
2025-09-02 20:40:28 - Securing GET /users?page=3&size=10
2025-09-02 20:40:28 - Secured GET /users?page=1&size=10
2025-09-02 20:40:28 - Secured GET /users?page=3&size=10
2025-09-02 20:40:29 - Set SecurityContextHolder to anonymous SecurityContext
2025-09-02 20:40:29 - Set SecurityContextHolder to anonymous SecurityContext
2025-09-02 20:40:29 - Set SecurityContextHolder to anonymous SecurityContext
2025-09-02 20:40:29 - Set SecurityContextHolder to anonymous SecurityContext
2025-09-02 20:40:29 - Securing GET /users?page=4&size=10
2025-09-02 20:40:29 - Securing GET /users?page=3&size=10
2025-09-02 20:40:29 - Securing GET /users?page=1&size=10
2025-09-02 20:40:29 - Secured GET /users?page=4&size=10
2025-09-02 20:40:29 - Securing GET /users?page=2&size=10
2025-09-02 20:40:29 - Secured GET /users?page=3&size=10
2025-09-02 20:40:29 - Secured GET /users?page=1&size=10
2025-09-02 20:40:29 - Secured GET /users?page=2&size=10
2025-09-02 20:40:29 - Set SecurityContextHolder to anonymous SecurityContext
2025-09-02 20:40:29 - Set SecurityContextHolder to anonymous SecurityContext
2025-09-02 20:40:29 - Set SecurityContextHolder to anonymous SecurityContext
2025-09-02 20:40:29 - Set SecurityContextHolder to anonymous SecurityContext
2025-09-02 20:40:29 - Securing GET /users?page=5&size=10
2025-09-02 20:40:29 - Securing GET /users?page=4&size=10
2025-09-02 20:40:29 - Securing GET /users?page=2&size=10
2025-09-02 20:40:29 - Secured GET /users?page=5&size=10
2025-09-02 20:40:29 - Secured GET /users?page=2&size=10
2025-09-02 20:40:29 - Secured GET /users?page=4&size=10
2025-09-02 20:40:29 - Securing GET /users?page=3&size=10
2025-09-02 20:40:29 - Secured GET /users?page=3&size=10
2025-09-02 20:40:29 - Set SecurityContextHolder to anonymous SecurityContext
2025-09-02 20:40:29 - Set SecurityContextHolder to anonymous SecurityContext
2025-09-02 20:40:29 - Set SecurityContextHolder to anonymous SecurityContext
2025-09-02 20:40:29 - Securing GET /users?page=5&size=10
2025-09-02 20:40:29 - Secured GET /users?page=5&size=10
2025-09-02 20:40:29 - Set SecurityContextHolder to anonymous SecurityContext
2025-09-02 20:40:29 - Securing GET /users?page=3&size=10
2025-09-02 20:40:29 - Secured GET /users?page=3&size=10
2025-09-02 20:40:29 - Securing GET /users?page=4&size=10
2025-09-02 20:40:29 - Secured GET /users?page=4&size=10
2025-09-02 20:40:29 - Set SecurityContextHolder to anonymous SecurityContext
2025-09-02 20:40:29 - Securing GET /viewworklog
2025-09-02 20:40:29 - Secured GET /viewworklog
2025-09-02 20:40:29 - Set SecurityContextHolder to anonymous SecurityContext
2025-09-02 20:40:29 - Set SecurityContextHolder to anonymous SecurityContext
2025-09-02 20:40:29 - Securing GET /users?page=4&size=10
2025-09-02 20:40:29 - Secured GET /users?page=4&size=10
2025-09-02 20:40:29 - Securing GET /users?page=5&size=10
2025-09-02 20:40:29 - Secured GET /users?page=5&size=10
2025-09-02 20:40:29 - Set SecurityContextHolder to anonymous SecurityContext
2025-09-02 20:40:29 - Set SecurityContextHolder to anonymous SecurityContext
2025-09-02 20:40:29 - Securing GET /users?page=5&size=10
2025-09-02 20:40:29 - Secured GET /users?page=5&size=10
2025-09-02 20:40:29 - Set SecurityContextHolder to anonymous SecurityContext
2025-09-02 20:40:29 - Set SecurityContextHolder to anonymous SecurityContext
2025-09-02 20:40:29 - Securing GET /viewworklog
2025-09-02 20:40:29 - Secured GET /viewworklog
2025-09-02 20:40:29 - Set SecurityContextHolder to anonymous SecurityContext
2025-09-02 20:40:52 - Securing OPTIONS /add_worklog
2025-09-02 20:40:52 - Securing POST /add_worklog
2025-09-02 20:40:52 - Secured POST /add_worklog
2025-09-02 20:40:52 - Set SecurityContextHolder to anonymous SecurityContext
2025-09-02 20:40:52 - Securing GET /viewworklog
2025-09-02 20:40:52 - Secured GET /viewworklog
2025-09-02 20:40:53 - Set SecurityContextHolder to anonymous SecurityContext
2025-09-02 20:45:14 - Securing GET /users?page=0&size=10
2025-09-02 20:45:14 - Secured GET /users?page=0&size=10
2025-09-02 20:45:14 - Set SecurityContextHolder to anonymous SecurityContext
2025-09-02 20:45:14 - Securing GET /users?page=0&size=10
2025-09-02 20:45:14 - Secured GET /users?page=0&size=10
2025-09-02 20:45:14 - Set SecurityContextHolder to anonymous SecurityContext
2025-09-02 20:45:19 - Securing GET /users?page=5&size=10
2025-09-02 20:45:19 - Secured GET /users?page=5&size=10
2025-09-02 20:45:19 - Set SecurityContextHolder to anonymous SecurityContext
2025-09-02 22:37:51 - HikariPool-1 - Thread starvation or clock leap detected (housekeeper delta=1h46m40s348ms587µs500ns).
