2025-02-17 07:45:37 - HikariPool-1 - Thread starvation or clock leap detected (housekeeper delta=7h31m34s401ms650µs).
2025-02-17 07:54:48 - HikariPool-1 - Thread starvation or clock leap detected (housekeeper delta=2m10s634ms55µs900ns).
2025-02-17 08:11:21 - HikariPool-1 - Thread starvation or clock leap detected (housekeeper delta=5m3s156ms748µs900ns).
2025-02-17 10:01:34 - HV000001: Hibernate Validator 8.0.2.Final
2025-02-17 10:01:34 - Starting FullstackbackendApplication using Java 21.0.6 with PID 9172 (C:\Users\josip\Documents\SpringBootProjects\TestFolderForProjectClone\fullstackbackend\target\classes started by josip in c:\Users\josip\Documents\SpringBootProjects\TestFolderForProjectClone\fullstackbackend)
2025-02-17 10:01:34 - Running with Spring Boot v3.2.2, Spring v6.1.3
2025-02-17 10:01:34 - No active profile set, falling back to 1 default profile: "default"
2025-02-17 10:01:36 - Bootstrapping Spring Data JPA repositories in DEFAULT mode.
2025-02-17 10:01:36 - Finished Spring Data repository scanning in 110 ms. Found 6 JPA repository interfaces.
2025-02-17 10:01:37 - Tomcat initialized with port 8080 (http)
2025-02-17 10:01:37 - Initializing ProtocolHandler ["http-nio-8080"]
2025-02-17 10:01:37 - Starting service [Tomcat]
2025-02-17 10:01:37 - Starting Servlet engine: [Apache Tomcat/10.1.18]
2025-02-17 10:01:37 - Initializing Spring embedded WebApplicationContext
2025-02-17 10:01:37 - Root WebApplicationContext: initialization completed in 2992 ms
2025-02-17 10:01:38 - HHH000204: Processing PersistenceUnitInfo [name: default]
2025-02-17 10:01:38 - HHH000412: Hibernate ORM core version 6.4.1.Final
2025-02-17 10:01:38 - HHH000026: Second-level cache disabled
2025-02-17 10:01:39 - No LoadTimeWeaver setup: ignoring JPA class transformer
2025-02-17 10:01:39 - HikariPool-1 - Starting...
2025-02-17 10:01:39 - HikariPool-1 - Added connection com.mysql.cj.jdbc.ConnectionImpl@2dbf2da
2025-02-17 10:01:39 - HikariPool-1 - Start completed.
2025-02-17 10:01:39 - HHH90000025: MySQL8Dialect does not need to be specified explicitly using 'hibernate.dialect' (remove the property setting and it will be selected by default)
2025-02-17 10:01:39 - HHH90000026: MySQL8Dialect has been deprecated; use org.hibernate.dialect.MySQLDialect instead
2025-02-17 10:01:41 - HHH000489: No JTA platform available (set 'hibernate.transaction.jta.platform' to enable JTA platform integration)
2025-02-17 10:01:41 - Initialized JPA EntityManagerFactory for persistence unit 'default'
2025-02-17 10:01:43 - spring.jpa.open-in-view is enabled by default. Therefore, database queries may be performed during view rendering. Explicitly configure spring.jpa.open-in-view to disable this warning
2025-02-17 10:01:44 - Will secure any request with [org.springframework.security.web.session.DisableEncodeUrlFilter@47a72c32, org.springframework.security.web.context.request.async.WebAsyncManagerIntegrationFilter@112f8f8f, org.springframework.security.web.context.SecurityContextHolderFilter@5f80b25a, org.springframework.security.web.header.HeaderWriterFilter@3fe7c87c, org.springframework.web.filter.CorsFilter@654e6a90, org.springframework.security.web.authentication.logout.LogoutFilter@44b99467, org.springframework.security.web.authentication.UsernamePasswordAuthenticationFilter@7bf3bf2e, org.springframework.security.web.savedrequest.RequestCacheAwareFilter@59d6a4d1, org.springframework.security.web.servletapi.SecurityContextHolderAwareRequestFilter@5b476930, org.springframework.security.web.authentication.rememberme.RememberMeAuthenticationFilter@7a458c73, org.springframework.security.web.authentication.AnonymousAuthenticationFilter@4700064f, org.springframework.security.web.access.ExceptionTranslationFilter@69d6fe75, org.springframework.security.web.access.intercept.AuthorizationFilter@3638120f]
2025-02-17 10:01:44 - Starting ProtocolHandler ["http-nio-8080"]
2025-02-17 10:01:44 - Tomcat started on port 8080 (http) with context path ''
2025-02-17 10:01:44 - Started FullstackbackendApplication in 10.772 seconds (process running for 11.463)
2025-02-17 10:04:31 - Initializing Spring DispatcherServlet 'dispatcherServlet'
2025-02-17 10:04:31 - Initializing Servlet 'dispatcherServlet'
2025-02-17 10:04:31 - Completed initialization in 2 ms
2025-02-17 10:35:30 - HV000001: Hibernate Validator 8.0.2.Final
2025-02-17 10:35:30 - Starting FullstackbackendApplication using Java 21.0.6 with PID 15348 (C:\Users\josip\Documents\SpringBootProjects\TestFolderForProjectClone\fullstackbackend\target\classes started by josip in c:\Users\josip\Documents\SpringBootProjects\TestFolderForProjectClone\fullstackbackend)
2025-02-17 10:35:30 - Running with Spring Boot v3.2.2, Spring v6.1.3
2025-02-17 10:35:30 - No active profile set, falling back to 1 default profile: "default"
2025-02-17 10:35:32 - Bootstrapping Spring Data JPA repositories in DEFAULT mode.
2025-02-17 10:35:32 - Finished Spring Data repository scanning in 122 ms. Found 6 JPA repository interfaces.
2025-02-17 10:35:34 - Tomcat initialized with port 8080 (http)
2025-02-17 10:35:34 - Initializing ProtocolHandler ["http-nio-8080"]
2025-02-17 10:35:34 - Starting service [Tomcat]
2025-02-17 10:35:34 - Starting Servlet engine: [Apache Tomcat/10.1.18]
2025-02-17 10:35:34 - Initializing Spring embedded WebApplicationContext
2025-02-17 10:35:34 - Root WebApplicationContext: initialization completed in 3451 ms
2025-02-17 10:35:34 - HHH000204: Processing PersistenceUnitInfo [name: default]
2025-02-17 10:35:34 - HHH000412: Hibernate ORM core version 6.4.1.Final
2025-02-17 10:35:35 - HHH000026: Second-level cache disabled
2025-02-17 10:35:35 - No LoadTimeWeaver setup: ignoring JPA class transformer
2025-02-17 10:35:35 - HikariPool-1 - Starting...
2025-02-17 10:35:36 - HikariPool-1 - Added connection com.mysql.cj.jdbc.ConnectionImpl@51de5efa
2025-02-17 10:35:36 - HikariPool-1 - Start completed.
2025-02-17 10:35:36 - HHH90000025: MySQL8Dialect does not need to be specified explicitly using 'hibernate.dialect' (remove the property setting and it will be selected by default)
2025-02-17 10:35:36 - HHH90000026: MySQL8Dialect has been deprecated; use org.hibernate.dialect.MySQLDialect instead
2025-02-17 10:35:38 - HHH000489: No JTA platform available (set 'hibernate.transaction.jta.platform' to enable JTA platform integration)
2025-02-17 10:35:38 - Initialized JPA EntityManagerFactory for persistence unit 'default'
2025-02-17 10:35:39 - spring.jpa.open-in-view is enabled by default. Therefore, database queries may be performed during view rendering. Explicitly configure spring.jpa.open-in-view to disable this warning
2025-02-17 10:35:40 - Will secure any request with [org.springframework.security.web.session.DisableEncodeUrlFilter@37d50217, org.springframework.security.web.context.request.async.WebAsyncManagerIntegrationFilter@3e9e7a70, org.springframework.security.web.context.SecurityContextHolderFilter@3c1fd5aa, org.springframework.security.web.header.HeaderWriterFilter@baf87a5, org.springframework.web.filter.CorsFilter@70029d2d, org.springframework.security.web.authentication.logout.LogoutFilter@631c6ef4, org.springframework.security.web.authentication.UsernamePasswordAuthenticationFilter@1899c7ae, org.springframework.security.web.savedrequest.RequestCacheAwareFilter@47bae235, org.springframework.security.web.servletapi.SecurityContextHolderAwareRequestFilter@7f588bc6, org.springframework.security.web.authentication.rememberme.RememberMeAuthenticationFilter@124b8fe9, org.springframework.security.web.authentication.AnonymousAuthenticationFilter@360ccb68, org.springframework.security.web.access.ExceptionTranslationFilter@5fc76532, org.springframework.security.web.access.intercept.AuthorizationFilter@35c83c56]
2025-02-17 10:35:40 - Starting ProtocolHandler ["http-nio-8080"]
2025-02-17 10:35:40 - Tomcat started on port 8080 (http) with context path ''
2025-02-17 10:35:40 - Started FullstackbackendApplication in 11.023 seconds (process running for 11.627)
2025-02-17 10:36:49 - Initializing Spring DispatcherServlet 'dispatcherServlet'
2025-02-17 10:36:49 - Initializing Servlet 'dispatcherServlet'
2025-02-17 10:36:49 - Completed initialization in 3 ms
2025-02-17 10:54:14 - Resolved [org.springframework.web.HttpRequestMethodNotSupportedException: Request method 'PUT' is not supported]
2025-02-17 11:16:50 - HikariPool-1 - Thread starvation or clock leap detected (housekeeper delta=12m13s768ms744µs500ns).
2025-02-17 11:40:12 - HikariPool-1 - Thread starvation or clock leap detected (housekeeper delta=13m21s893ms102µs400ns).
2025-02-17 11:48:18 - HikariPool-1 - Thread starvation or clock leap detected (housekeeper delta=3m6s259ms534µs900ns).
2025-02-17 15:09:26 - HV000001: Hibernate Validator 8.0.2.Final
2025-02-17 15:09:26 - Starting FullstackbackendApplication using Java 21.0.6 with PID 24720 (C:\Users\josip\Documents\SpringBootProjects\TestFolderForProjectClone\fullstackbackend\target\classes started by josip in C:\Users\josip\Documents\SpringBootProjects\TestFolderForProjectClone\fullstackbackend)
2025-02-17 15:09:26 - Running with Spring Boot v3.2.2, Spring v6.1.3
2025-02-17 15:09:26 - No active profile set, falling back to 1 default profile: "default"
2025-02-17 15:09:28 - Bootstrapping Spring Data JPA repositories in DEFAULT mode.
2025-02-17 15:09:28 - Finished Spring Data repository scanning in 115 ms. Found 6 JPA repository interfaces.
2025-02-17 15:09:29 - Tomcat initialized with port 8080 (http)
2025-02-17 15:09:29 - Initializing ProtocolHandler ["http-nio-8080"]
2025-02-17 15:09:29 - Starting service [Tomcat]
2025-02-17 15:09:29 - Starting Servlet engine: [Apache Tomcat/10.1.18]
2025-02-17 15:09:29 - Initializing Spring embedded WebApplicationContext
2025-02-17 15:09:29 - Root WebApplicationContext: initialization completed in 3221 ms
2025-02-17 15:09:29 - HHH000204: Processing PersistenceUnitInfo [name: default]
2025-02-17 15:09:30 - HHH000412: Hibernate ORM core version 6.4.1.Final
2025-02-17 15:09:30 - HHH000026: Second-level cache disabled
2025-02-17 15:09:30 - No LoadTimeWeaver setup: ignoring JPA class transformer
2025-02-17 15:09:30 - HikariPool-1 - Starting...
2025-02-17 15:09:31 - HikariPool-1 - Added connection com.mysql.cj.jdbc.ConnectionImpl@51de5efa
2025-02-17 15:09:31 - HikariPool-1 - Start completed.
2025-02-17 15:09:31 - HHH90000025: MySQL8Dialect does not need to be specified explicitly using 'hibernate.dialect' (remove the property setting and it will be selected by default)
2025-02-17 15:09:31 - HHH90000026: MySQL8Dialect has been deprecated; use org.hibernate.dialect.MySQLDialect instead
2025-02-17 15:09:33 - HHH000489: No JTA platform available (set 'hibernate.transaction.jta.platform' to enable JTA platform integration)
2025-02-17 15:09:33 - Initialized JPA EntityManagerFactory for persistence unit 'default'
2025-02-17 15:09:34 - spring.jpa.open-in-view is enabled by default. Therefore, database queries may be performed during view rendering. Explicitly configure spring.jpa.open-in-view to disable this warning
2025-02-17 15:09:35 - Will secure any request with [org.springframework.security.web.session.DisableEncodeUrlFilter@37d50217, org.springframework.security.web.context.request.async.WebAsyncManagerIntegrationFilter@3e9e7a70, org.springframework.security.web.context.SecurityContextHolderFilter@3c1fd5aa, org.springframework.security.web.header.HeaderWriterFilter@baf87a5, org.springframework.web.filter.CorsFilter@70029d2d, org.springframework.security.web.authentication.logout.LogoutFilter@631c6ef4, org.springframework.security.web.authentication.UsernamePasswordAuthenticationFilter@1899c7ae, org.springframework.security.web.savedrequest.RequestCacheAwareFilter@47bae235, org.springframework.security.web.servletapi.SecurityContextHolderAwareRequestFilter@7f588bc6, org.springframework.security.web.authentication.rememberme.RememberMeAuthenticationFilter@124b8fe9, org.springframework.security.web.authentication.AnonymousAuthenticationFilter@360ccb68, org.springframework.security.web.access.ExceptionTranslationFilter@5fc76532, org.springframework.security.web.access.intercept.AuthorizationFilter@35c83c56]
2025-02-17 15:09:36 - Starting ProtocolHandler ["http-nio-8080"]
2025-02-17 15:09:36 - Tomcat started on port 8080 (http) with context path ''
2025-02-17 15:09:36 - Started FullstackbackendApplication in 11.124 seconds (process running for 11.689)
2025-02-17 15:14:19 - Initializing Spring DispatcherServlet 'dispatcherServlet'
2025-02-17 15:14:19 - Initializing Servlet 'dispatcherServlet'
2025-02-17 15:14:19 - Completed initialization in 4 ms
2025-02-17 15:14:50 - Resolved [org.springframework.web.HttpRequestMethodNotSupportedException: Request method 'PUT' is not supported]
2025-02-17 20:05:43 - HikariPool-1 - Thread starvation or clock leap detected (housekeeper delta=4h45m41s720ms896µs800ns).
2025-02-17 20:18:25 - Resolved [org.springframework.web.HttpRequestMethodNotSupportedException: Request method 'PUT' is not supported]
2025-02-17 20:26:40 - HV000001: Hibernate Validator 8.0.2.Final
2025-02-17 20:26:40 - Starting FullstackbackendApplication using Java 21.0.6 with PID 10256 (C:\Users\josip\Documents\SpringBootProjects\TestFolderForProjectClone\fullstackbackend\target\classes started by josip in c:\Users\josip\Documents\SpringBootProjects\TestFolderForProjectClone\fullstackbackend)
2025-02-17 20:26:40 - Running with Spring Boot v3.2.2, Spring v6.1.3
2025-02-17 20:26:40 - No active profile set, falling back to 1 default profile: "default"
2025-02-17 20:26:42 - Bootstrapping Spring Data JPA repositories in DEFAULT mode.
2025-02-17 20:26:42 - Finished Spring Data repository scanning in 114 ms. Found 6 JPA repository interfaces.
2025-02-17 20:26:43 - Tomcat initialized with port 8080 (http)
2025-02-17 20:26:43 - Initializing ProtocolHandler ["http-nio-8080"]
2025-02-17 20:26:43 - Starting service [Tomcat]
2025-02-17 20:26:43 - Starting Servlet engine: [Apache Tomcat/10.1.18]
2025-02-17 20:26:43 - Initializing Spring embedded WebApplicationContext
2025-02-17 20:26:43 - Root WebApplicationContext: initialization completed in 2748 ms
2025-02-17 20:26:44 - HHH000204: Processing PersistenceUnitInfo [name: default]
2025-02-17 20:26:44 - HHH000412: Hibernate ORM core version 6.4.1.Final
2025-02-17 20:26:44 - HHH000026: Second-level cache disabled
2025-02-17 20:26:44 - No LoadTimeWeaver setup: ignoring JPA class transformer
2025-02-17 20:26:44 - HikariPool-1 - Starting...
2025-02-17 20:26:45 - HikariPool-1 - Added connection com.mysql.cj.jdbc.ConnectionImpl@6b2e9db2
2025-02-17 20:26:45 - HikariPool-1 - Start completed.
2025-02-17 20:26:45 - HHH90000025: MySQL8Dialect does not need to be specified explicitly using 'hibernate.dialect' (remove the property setting and it will be selected by default)
2025-02-17 20:26:45 - HHH90000026: MySQL8Dialect has been deprecated; use org.hibernate.dialect.MySQLDialect instead
2025-02-17 20:26:47 - HHH000489: No JTA platform available (set 'hibernate.transaction.jta.platform' to enable JTA platform integration)
2025-02-17 20:26:47 - Initialized JPA EntityManagerFactory for persistence unit 'default'
2025-02-17 20:26:48 - spring.jpa.open-in-view is enabled by default. Therefore, database queries may be performed during view rendering. Explicitly configure spring.jpa.open-in-view to disable this warning
2025-02-17 20:26:49 - Will secure any request with [org.springframework.security.web.session.DisableEncodeUrlFilter@3e9e7a70, org.springframework.security.web.context.request.async.WebAsyncManagerIntegrationFilter@360ccb68, org.springframework.security.web.context.SecurityContextHolderFilter@4bfaff23, org.springframework.security.web.header.HeaderWriterFilter@42c9c0a1, org.springframework.web.filter.CorsFilter@721d8ab5, org.springframework.security.web.authentication.logout.LogoutFilter@9e2b199, org.springframework.security.web.authentication.UsernamePasswordAuthenticationFilter@5cdf2c83, org.springframework.security.web.savedrequest.RequestCacheAwareFilter@7f588bc6, org.springframework.security.web.servletapi.SecurityContextHolderAwareRequestFilter@3da8a302, org.springframework.security.web.authentication.rememberme.RememberMeAuthenticationFilter@37d50217, org.springframework.security.web.authentication.AnonymousAuthenticationFilter@78762e87, org.springframework.security.web.access.ExceptionTranslationFilter@2e268c19, org.springframework.security.web.access.intercept.AuthorizationFilter@1899c7ae]
2025-02-17 20:26:50 - Starting ProtocolHandler ["http-nio-8080"]
2025-02-17 20:26:50 - Tomcat started on port 8080 (http) with context path ''
2025-02-17 20:26:50 - Started FullstackbackendApplication in 10.039 seconds (process running for 10.532)
2025-02-17 20:27:11 - Initializing Spring DispatcherServlet 'dispatcherServlet'
2025-02-17 20:27:11 - Initializing Servlet 'dispatcherServlet'
2025-02-17 20:27:11 - Completed initialization in 2 ms
2025-02-17 20:27:42 - Resolved [org.springframework.web.HttpRequestMethodNotSupportedException: Request method 'PUT' is not supported]
2025-02-17 20:51:04 - UserNotesController getAllUserNotes method
2025-02-17 20:51:04 - UserNotesController getAllUserNotes method
2025-02-17 21:34:21 - HikariPool-1 - Thread starvation or clock leap detected (housekeeper delta=20m35s779ms631µs).
